<?xml version="1.0" encoding="UTF-8"?>
<!-- Generated by org.testng.reporters.JUnitXMLReporter -->
<testsuite ignored="0" hostname="Jeremiah" failures="0" tests="15" name="RESTGOAPITestCases" time="10.02" errors="0" timestamp="2025-01-04T20:14:00 IST">
  <testcase classname="api.test.DDTests" name="getAllData" time="0.01"/>
  <testcase classname="api.test.DDTests" name="getAllData" time="0.001"/>
  <testcase classname="api.test.DDTests" name="getAllData" time="0.001"/>
  <testcase classname="api.test.DDTests" name="getAllData" time="0.001"/>
  <testcase classname="api.test.DDTests" name="getAllData" time="0.002"/>
  <testcase classname="api.test.DDTests" name="getUserNames" time="0.001"/>
  <testcase classname="api.test.DDTests" name="getUserNames" time="0.001"/>
  <testcase classname="api.test.DDTests" name="getUserNames" time="0.0"/>
  <testcase classname="api.test.DDTests" name="getUserNames" time="0.001"/>
  <testcase classname="api.test.DDTests" name="getUserNames" time="0.001"/>
  <testcase classname="api.test.DDTests" name="sendUsers" time="2.911"/>
  <testcase classname="api.test.DDTests" name="sendUsers" time="0.743"/>
  <testcase classname="api.test.DDTests" name="sendUsers" time="1.683"/>
  <testcase classname="api.test.DDTests" name="sendUsers" time="1.087"/>
  <testcase classname="api.test.DDTests" name="sendUsers" time="1.151"/>
</testsuite> <!-- RESTGOAPITestCases -->
