<?xml version="1.0" encoding="UTF-8"?>
<!-- Generated by org.testng.reporters.JUnitXMLReporter -->
<testsuite ignored="6" hostname="Jeremiah" failures="0" tests="1" name="RESTGOAPITestCases" time="2.301" errors="0" timestamp="2025-01-17T09:21:50 IST">
  <testcase classname="api.test.UIAutomation" name="getElementsFromXML" time="0.01"/>
  <testcase classname="api.test.UIAutomation" name="JSScriptExecutorPractice" time="0.0">
    <ignored/>
  </testcase> <!-- JSScriptExecutorPractice -->
  <testcase classname="api.test.UIAutomation" name="buttonClicks" time="0.0">
    <ignored/>
  </testcase> <!-- buttonClicks -->
  <testcase classname="api.test.UIAutomation" name="RadioButton" time="0.0">
    <ignored/>
  </testcase> <!-- RadioButton -->
  <testcase classname="api.test.UIAutomation" name="openBrower" time="0.0">
    <ignored/>
  </testcase> <!-- openBrower -->
  <testcase classname="api.test.UIAutomation" name="iFrame" time="0.0">
    <ignored/>
  </testcase> <!-- iFrame -->
  <testcase classname="api.test.UIAutomation" name="dragAndDrop" time="0.0">
    <ignored/>
  </testcase> <!-- dragAndDrop -->
</testsuite> <!-- RESTGOAPITestCases -->
