<?xml version="1.0" encoding="UTF-8"?>
<testng-results ignored="0" total="15" passed="15" failed="0" skipped="0">
  <reporter-output>
  </reporter-output>
  <suite started-at="2025-01-04T20:13:50 IST" name="MyTestSuite" finished-at="2025-01-04T20:14:00 IST" duration-ms="10020">
    <groups>
    </groups>
    <test started-at="2025-01-04T20:13:50 IST" name="RESTGOAPITestCases" finished-at="2025-01-04T20:14:00 IST" duration-ms="10020">
      <class name="api.test.DDTests">
        <test-method is-config="true" signature="setConfig()[pri:0, instance:api.test.DDTests@38c6f217]" started-at="2025-01-04T20:13:50 IST" name="setConfig" finished-at="2025-01-04T20:13:50 IST" duration-ms="422" status="PASS">
          <reporter-output>
          </reporter-output>
        </test-method> <!-- setConfig -->
        <test-method signature="getAllData(java.lang.String,java.lang.String,java.lang.String,java.lang.String)[pri:0, instance:api.test.DDTests@38c6f217]" started-at="2025-01-04T20:13:52 IST" name="getAllData" data-provider="Data" finished-at="2025-01-04T20:13:52 IST" duration-ms="10" status="PASS">
          <params>
            <param index="0">
              <value>
                <![CDATA[Kumar]]>
              </value>
            </param>
            <param index="1">
              <value>
                <![CDATA[Michel.starc99@gmail.com]]>
              </value>
            </param>
            <param index="2">
              <value>
                <![CDATA[Male]]>
              </value>
            </param>
            <param index="3">
              <value>
                <![CDATA[active]]>
              </value>
            </param>
          </params>
          <reporter-output>
          </reporter-output>
        </test-method> <!-- getAllData -->
        <test-method signature="getAllData(java.lang.String,java.lang.String,java.lang.String,java.lang.String)[pri:0, instance:api.test.DDTests@38c6f217]" started-at="2025-01-04T20:13:52 IST" name="getAllData" data-provider="Data" finished-at="2025-01-04T20:13:52 IST" duration-ms="1" status="PASS">
          <params>
            <param index="0">
              <value>
                <![CDATA[Karthick]]>
              </value>
            </param>
            <param index="1">
              <value>
                <![CDATA[Bion.starc99@yahoo.com]]>
              </value>
            </param>
            <param index="2">
              <value>
                <![CDATA[Male]]>
              </value>
            </param>
            <param index="3">
              <value>
                <![CDATA[inactive]]>
              </value>
            </param>
          </params>
          <reporter-output>
          </reporter-output>
        </test-method> <!-- getAllData -->
        <test-method signature="getAllData(java.lang.String,java.lang.String,java.lang.String,java.lang.String)[pri:0, instance:api.test.DDTests@38c6f217]" started-at="2025-01-04T20:13:52 IST" name="getAllData" data-provider="Data" finished-at="2025-01-04T20:13:52 IST" duration-ms="1" status="PASS">
          <params>
            <param index="0">
              <value>
                <![CDATA[John]]>
              </value>
            </param>
            <param index="1">
              <value>
                <![CDATA[HelanKishore99@gmail.com]]>
              </value>
            </param>
            <param index="2">
              <value>
                <![CDATA[Male]]>
              </value>
            </param>
            <param index="3">
              <value>
                <![CDATA[inactive]]>
              </value>
            </param>
          </params>
          <reporter-output>
          </reporter-output>
        </test-method> <!-- getAllData -->
        <test-method signature="getAllData(java.lang.String,java.lang.String,java.lang.String,java.lang.String)[pri:0, instance:api.test.DDTests@38c6f217]" started-at="2025-01-04T20:13:52 IST" name="getAllData" data-provider="Data" finished-at="2025-01-04T20:13:52 IST" duration-ms="1" status="PASS">
          <params>
            <param index="0">
              <value>
                <![CDATA[Michel]]>
              </value>
            </param>
            <param index="1">
              <value>
                <![CDATA[Warner.david99@gmail.com]]>
              </value>
            </param>
            <param index="2">
              <value>
                <![CDATA[Male]]>
              </value>
            </param>
            <param index="3">
              <value>
                <![CDATA[inactive]]>
              </value>
            </param>
          </params>
          <reporter-output>
          </reporter-output>
        </test-method> <!-- getAllData -->
        <test-method signature="getAllData(java.lang.String,java.lang.String,java.lang.String,java.lang.String)[pri:0, instance:api.test.DDTests@38c6f217]" started-at="2025-01-04T20:13:52 IST" name="getAllData" data-provider="Data" finished-at="2025-01-04T20:13:52 IST" duration-ms="2" status="PASS">
          <params>
            <param index="0">
              <value>
                <![CDATA[Starc]]>
              </value>
            </param>
            <param index="1">
              <value>
                <![CDATA[Toni.starc99@gmail.com]]>
              </value>
            </param>
            <param index="2">
              <value>
                <![CDATA[Male]]>
              </value>
            </param>
            <param index="3">
              <value>
                <![CDATA[active]]>
              </value>
            </param>
          </params>
          <reporter-output>
          </reporter-output>
        </test-method> <!-- getAllData -->
        <test-method signature="getUserNames([Ljava.lang.Object;)[pri:0, instance:api.test.DDTests@38c6f217]" started-at="2025-01-04T20:13:52 IST" name="getUserNames" data-provider="getNames" finished-at="2025-01-04T20:13:52 IST" duration-ms="1" status="PASS">
          <params>
            <param index="0">
              <value>
                <![CDATA[[Ljava.lang.Object;@385ef531]]>
              </value>
            </param>
          </params>
          <reporter-output>
          </reporter-output>
        </test-method> <!-- getUserNames -->
        <test-method signature="getUserNames([Ljava.lang.Object;)[pri:0, instance:api.test.DDTests@38c6f217]" started-at="2025-01-04T20:13:52 IST" name="getUserNames" data-provider="getNames" finished-at="2025-01-04T20:13:52 IST" duration-ms="1" status="PASS">
          <params>
            <param index="0">
              <value>
                <![CDATA[[Ljava.lang.Object;@719843e5]]>
              </value>
            </param>
          </params>
          <reporter-output>
          </reporter-output>
        </test-method> <!-- getUserNames -->
        <test-method signature="getUserNames([Ljava.lang.Object;)[pri:0, instance:api.test.DDTests@38c6f217]" started-at="2025-01-04T20:13:52 IST" name="getUserNames" data-provider="getNames" finished-at="2025-01-04T20:13:52 IST" duration-ms="0" status="PASS">
          <params>
            <param index="0">
              <value>
                <![CDATA[[Ljava.lang.Object;@58112bc4]]>
              </value>
            </param>
          </params>
          <reporter-output>
          </reporter-output>
        </test-method> <!-- getUserNames -->
        <test-method signature="getUserNames([Ljava.lang.Object;)[pri:0, instance:api.test.DDTests@38c6f217]" started-at="2025-01-04T20:13:52 IST" name="getUserNames" data-provider="getNames" finished-at="2025-01-04T20:13:52 IST" duration-ms="1" status="PASS">
          <params>
            <param index="0">
              <value>
                <![CDATA[[Ljava.lang.Object;@3104f7bd]]>
              </value>
            </param>
          </params>
          <reporter-output>
          </reporter-output>
        </test-method> <!-- getUserNames -->
        <test-method signature="getUserNames([Ljava.lang.Object;)[pri:0, instance:api.test.DDTests@38c6f217]" started-at="2025-01-04T20:13:52 IST" name="getUserNames" data-provider="getNames" finished-at="2025-01-04T20:13:52 IST" duration-ms="1" status="PASS">
          <params>
            <param index="0">
              <value>
                <![CDATA[[Ljava.lang.Object;@7ec25216]]>
              </value>
            </param>
          </params>
          <reporter-output>
          </reporter-output>
        </test-method> <!-- getUserNames -->
        <test-method signature="sendUsers(java.lang.String,java.lang.String,java.lang.String,java.lang.String)[pri:0, instance:api.test.DDTests@38c6f217]" started-at="2025-01-04T20:13:52 IST" name="sendUsers" data-provider="Data" finished-at="2025-01-04T20:13:55 IST" duration-ms="2911" status="PASS">
          <params>
            <param index="0">
              <value>
                <![CDATA[Kumar]]>
              </value>
            </param>
            <param index="1">
              <value>
                <![CDATA[Michel.starc99@gmail.com]]>
              </value>
            </param>
            <param index="2">
              <value>
                <![CDATA[Male]]>
              </value>
            </param>
            <param index="3">
              <value>
                <![CDATA[active]]>
              </value>
            </param>
          </params>
          <reporter-output>
          </reporter-output>
        </test-method> <!-- sendUsers -->
        <test-method signature="sendUsers(java.lang.String,java.lang.String,java.lang.String,java.lang.String)[pri:0, instance:api.test.DDTests@38c6f217]" started-at="2025-01-04T20:13:55 IST" name="sendUsers" data-provider="Data" finished-at="2025-01-04T20:13:56 IST" duration-ms="743" status="PASS">
          <params>
            <param index="0">
              <value>
                <![CDATA[Karthick]]>
              </value>
            </param>
            <param index="1">
              <value>
                <![CDATA[Bion.starc99@yahoo.com]]>
              </value>
            </param>
            <param index="2">
              <value>
                <![CDATA[Male]]>
              </value>
            </param>
            <param index="3">
              <value>
                <![CDATA[inactive]]>
              </value>
            </param>
          </params>
          <reporter-output>
          </reporter-output>
        </test-method> <!-- sendUsers -->
        <test-method signature="sendUsers(java.lang.String,java.lang.String,java.lang.String,java.lang.String)[pri:0, instance:api.test.DDTests@38c6f217]" started-at="2025-01-04T20:13:56 IST" name="sendUsers" data-provider="Data" finished-at="2025-01-04T20:13:57 IST" duration-ms="1683" status="PASS">
          <params>
            <param index="0">
              <value>
                <![CDATA[John]]>
              </value>
            </param>
            <param index="1">
              <value>
                <![CDATA[HelanKishore99@gmail.com]]>
              </value>
            </param>
            <param index="2">
              <value>
                <![CDATA[Male]]>
              </value>
            </param>
            <param index="3">
              <value>
                <![CDATA[inactive]]>
              </value>
            </param>
          </params>
          <reporter-output>
          </reporter-output>
        </test-method> <!-- sendUsers -->
        <test-method signature="sendUsers(java.lang.String,java.lang.String,java.lang.String,java.lang.String)[pri:0, instance:api.test.DDTests@38c6f217]" started-at="2025-01-04T20:13:57 IST" name="sendUsers" data-provider="Data" finished-at="2025-01-04T20:13:59 IST" duration-ms="1087" status="PASS">
          <params>
            <param index="0">
              <value>
                <![CDATA[Michel]]>
              </value>
            </param>
            <param index="1">
              <value>
                <![CDATA[Warner.david99@gmail.com]]>
              </value>
            </param>
            <param index="2">
              <value>
                <![CDATA[Male]]>
              </value>
            </param>
            <param index="3">
              <value>
                <![CDATA[inactive]]>
              </value>
            </param>
          </params>
          <reporter-output>
          </reporter-output>
        </test-method> <!-- sendUsers -->
        <test-method signature="sendUsers(java.lang.String,java.lang.String,java.lang.String,java.lang.String)[pri:0, instance:api.test.DDTests@38c6f217]" started-at="2025-01-04T20:13:59 IST" name="sendUsers" data-provider="Data" finished-at="2025-01-04T20:14:00 IST" duration-ms="1151" status="PASS">
          <params>
            <param index="0">
              <value>
                <![CDATA[Starc]]>
              </value>
            </param>
            <param index="1">
              <value>
                <![CDATA[Toni.starc99@gmail.com]]>
              </value>
            </param>
            <param index="2">
              <value>
                <![CDATA[Male]]>
              </value>
            </param>
            <param index="3">
              <value>
                <![CDATA[active]]>
              </value>
            </param>
          </params>
          <reporter-output>
          </reporter-output>
        </test-method> <!-- sendUsers -->
      </class> <!-- api.test.DDTests -->
    </test> <!-- RESTGOAPITestCases -->
  </suite> <!-- MyTestSuite -->
</testng-results>
