<?xml version="1.0" encoding="UTF-8"?>
<testng-results ignored="0" total="1" passed="1" failed="0" skipped="0">
  <reporter-output>
  </reporter-output>
  <suite started-at="2025-01-17T09:21:48 IST" name="MyTestSuite" finished-at="2025-01-17T09:21:50 IST" duration-ms="2301">
    <groups>
    </groups>
    <test started-at="2025-01-17T09:21:48 IST" name="RESTGOAPITestCases" finished-at="2025-01-17T09:21:50 IST" duration-ms="2301">
      <class name="api.test.UIAutomation">
        <test-method is-config="true" signature="setUp()[pri:0, instance:api.test.UIAutomation@1b7cc17c]" started-at="2025-01-17T09:21:48 IST" name="setUp" finished-at="2025-01-17T09:21:50 IST" duration-ms="1770" status="PASS">
          <reporter-output>
          </reporter-output>
        </test-method> <!-- setUp -->
        <test-method is-config="true" signature="beforeMessage()[pri:0, instance:api.test.UIAutomation@1b7cc17c]" started-at="2025-01-17T09:21:50 IST" name="beforeMessage" finished-at="2025-01-17T09:21:50 IST" duration-ms="1" status="PASS">
          <reporter-output>
          </reporter-output>
        </test-method> <!-- beforeMessage -->
        <test-method signature="getElementsFromXML(java.lang.String,java.lang.String)[pri:0, instance:api.test.UIAutomation@1b7cc17c]" started-at="2025-01-17T09:21:50 IST" name="getElementsFromXML" finished-at="2025-01-17T09:21:50 IST" duration-ms="10" status="PASS">
          <params>
            <param index="0">
              <value>
                <![CDATA[125487]]>
              </value>
            </param>
            <param index="1">
              <value>
                <![CDATA[Justin fibre]]>
              </value>
            </param>
          </params>
          <reporter-output>
          </reporter-output>
        </test-method> <!-- getElementsFromXML -->
        <test-method is-config="true" signature="afterMessage()[pri:0, instance:api.test.UIAutomation@1b7cc17c]" started-at="2025-01-17T09:21:50 IST" name="afterMessage" finished-at="2025-01-17T09:21:50 IST" duration-ms="2" status="PASS">
          <reporter-output>
          </reporter-output>
        </test-method> <!-- afterMessage -->
        <test-method is-config="true" signature="tearDown()[pri:0, instance:api.test.UIAutomation@1b7cc17c]" started-at="2025-01-17T09:21:50 IST" name="tearDown" finished-at="2025-01-17T09:21:50 IST" duration-ms="207" status="PASS">
          <reporter-output>
          </reporter-output>
        </test-method> <!-- tearDown -->
      </class> <!-- api.test.UIAutomation -->
    </test> <!-- RESTGOAPITestCases -->
  </suite> <!-- MyTestSuite -->
</testng-results>
