<?xml version="1.0" encoding="UTF-8"?>
<testsuite xmlns:xsi="http://www.w3.org/2001/XMLSchema-instance" xsi:noNamespaceSchemaLocation="https://maven.apache.org/surefire/maven-surefire-plugin/xsd/surefire-test-report.xsd" version="3.0.2" name="TestSuite" time="11.172" tests="15" errors="0" skipped="0" failures="0">
  <properties>
[...]
</properties>
  <testcase name="getAllData[Kumar, Michel.starc99@gmail.com, Male, active](1)" classname="api.test.DDTests" time="0.025">
    <system-out><![CDATA[Kumar--Michel.starc99@gmail.com--Male--active
]]></system-out>
    <system-err><![CDATA[SLF4J: Failed to load class "org.slf4j.impl.StaticLoggerBinder".
SLF4J: Defaulting to no-operation (NOP) logger implementation
SLF4J: See http://www.slf4j.org/codes.html#StaticLoggerBinder for further details.
]]></system-err>
  </testcase>
  <testcase name="getAllData[Karthick, Bion.starc99@yahoo.com, Male, inactive](2)" classname="api.test.DDTests" time="0.001">
    <system-out><![CDATA[Karthick--Bion.starc99@yahoo.com--Male--inactive
]]></system-out>
  </testcase>
  <testcase name="getAllData[John, HelanKishore99@gmail.com, Male, inactive](3)" classname="api.test.DDTests" time="0.001">
    <system-out><![CDATA[John--HelanKishore99@gmail.com--Male--inactive
]]></system-out>
  </testcase>
  <testcase name="getAllData[Michel, Warner.david99@gmail.com, Male, inactive](4)" classname="api.test.DDTests" time="0.003">
    <system-out><![CDATA[Michel--Warner.david99@gmail.com--Male--inactive
]]></system-out>
  </testcase>
  <testcase name="getAllData[Starc, Toni.starc99@gmail.com, Male, active](5)" classname="api.test.DDTests" time="0.002">
    <system-out><![CDATA[Starc--Toni.starc99@gmail.com--Male--active
]]></system-out>
  </testcase>
  <testcase name="getUserNames[[Ljava.lang.Object;@385ef531](1)" classname="api.test.DDTests" time="0.003">
    <system-out><![CDATA[getNames[Male]
]]></system-out>
  </testcase>
  <testcase name="getUserNames[[Ljava.lang.Object;@719843e5](2)" classname="api.test.DDTests" time="0.003">
    <system-out><![CDATA[getNames[Male]
]]></system-out>
  </testcase>
  <testcase name="getUserNames[[Ljava.lang.Object;@58112bc4](3)" classname="api.test.DDTests" time="0.001">
    <system-out><![CDATA[getNames[Male]
]]></system-out>
  </testcase>
  <testcase name="getUserNames[[Ljava.lang.Object;@3104f7bd](4)" classname="api.test.DDTests" time="0.002">
    <system-out><![CDATA[getNames[Male]
]]></system-out>
  </testcase>
  <testcase name="getUserNames[[Ljava.lang.Object;@7ec25216](5)" classname="api.test.DDTests" time="0.001">
    <system-out><![CDATA[getNames[Male]
]]></system-out>
  </testcase>
  <testcase name="sendUsers[Kumar, Michel.starc99@gmail.com, Male, active](1)" classname="api.test.DDTests" time="2.912">
    <system-out><![CDATA[https://gorest.co.in/public/v2
HTTP/1.1 201 Created
Date: Sat, 04 Jan 2025 14:43:55 GMT
Content-Type: application/json; charset=utf-8
Content-Length: 98
Connection: keep-alive
Cache-Control: max-age=0, private, must-revalidate
etag: W/"53e17fa426522c9ddcefd17d18b5163c"
feature-policy: camera 'none'; gyroscope 'none'; microphone 'none'; usb 'none'; fullscreen 'self'
location: https://gorest.co.in/public/v2/users/7618323
referrer-policy: strict-origin-when-cross-origin
vary: Origin
x-content-type-options: nosniff
x-download-options: noopen
x-frame-options: SAMEORIGIN
x-permitted-cross-domain-policies: none
x-ratelimit-limit: 90
x-ratelimit-remaining: 89
x-ratelimit-reset: 1
x-request-id: 4a60f8dd-9f9d-485e-8d33-4bb4a86725fa
x-runtime: 0.060609
x-xss-protection: 0
cf-cache-status: DYNAMIC
Report-To: {"endpoints":[{"url":"https:\/\/a.nel.cloudflare.com\/report\/v4?s=eg1lwLeqTjtRN8J0ERF45ZSmIzI6%2F8gVahvuhCSdVLa28t2qcZIDDW7iEDKnEVwqbtozYkj7394otCxSaEpsi4T2dGjbO%2ByFGg2B3asA6shtP%2FT7Ofjgwnp58nmMpmU%3D"}],"group":"cf-nel","max_age":604800}
NEL: {"success_fraction":0,"report_to":"cf-nel","max_age":604800}
Server: cloudflare
CF-RAY: 8fcc00eab866dcca-FRA
alt-svc: h3=":443"; ma=86400
server-timing: cfL4;desc="?proto=TCP&rtt=161708&min_rtt=159858&rtt_var=61268&sent=5&recv=6&lost=0&retrans=0&sent_bytes=2694&recv_bytes=1073&delivery_rate=18266&cwnd=91&unsent_bytes=0&cid=7a9b1e6dc7df129a&ts=785&x=0"

{
    "id": 7618323,
    "name": "Kumar",
    "email": "Michel.starc99@gmail.com",
    "gender": "male",
    "status": "active"
}
]]></system-out>
  </testcase>
  <testcase name="sendUsers[Karthick, Bion.starc99@yahoo.com, Male, inactive](2)" classname="api.test.DDTests" time="0.748">
    <system-out><![CDATA[https://gorest.co.in/public/v2
HTTP/1.1 201 Created
Date: Sat, 04 Jan 2025 14:43:56 GMT
Content-Type: application/json; charset=utf-8
Content-Length: 101
Connection: keep-alive
Cache-Control: max-age=0, private, must-revalidate
etag: W/"5dd4296de3fbd302621ed9e8b007cd86"
feature-policy: camera 'none'; gyroscope 'none'; microphone 'none'; usb 'none'; fullscreen 'self'
location: https://gorest.co.in/public/v2/users/7618324
referrer-policy: strict-origin-when-cross-origin
vary: Origin
x-content-type-options: nosniff
x-download-options: noopen
x-frame-options: SAMEORIGIN
x-permitted-cross-domain-policies: none
x-ratelimit-limit: 90
x-ratelimit-remaining: 89
x-ratelimit-reset: 1
x-request-id: 90b18550-c879-41d1-91be-e8268443af12
x-runtime: 0.059455
x-xss-protection: 0
cf-cache-status: DYNAMIC
Report-To: {"endpoints":[{"url":"https:\/\/a.nel.cloudflare.com\/report\/v4?s=%2BwYiAmYPg%2B5Ak%2FIDFMlSOq9lXv8KGOnaHQEZfMH7ZXy%2FKYZSS4Hv1abAtV0RWUg6NkyqYMeyMWjMsqV6u3oIa8BIA78tsLotf2NW0C0o85o0R%2F%2BnDvJWQaG9lXuyobc%3D"}],"group":"cf-nel","max_age":604800}
NEL: {"success_fraction":0,"report_to":"cf-nel","max_age":604800}
Server: cloudflare
CF-RAY: 8fcc00f27942d2a9-FRA
alt-svc: h3=":443"; ma=86400
server-timing: cfL4;desc="?proto=TCP&rtt=158292&min_rtt=158112&rtt_var=59653&sent=4&recv=6&lost=0&retrans=0&sent_bytes=2693&recv_bytes=1076&delivery_rate=18300&cwnd=180&unsent_bytes=0&cid=bd7bf7ee7336f047&ts=396&x=0"

{
    "id": 7618324,
    "name": "Karthick",
    "email": "Bion.starc99@yahoo.com",
    "gender": "male",
    "status": "inactive"
}
]]></system-out>
  </testcase>
  <testcase name="sendUsers[John, HelanKishore99@gmail.com, Male, inactive](3)" classname="api.test.DDTests" time="1.691">
    <system-out><![CDATA[https://gorest.co.in/public/v2
HTTP/1.1 201 Created
Date: Sat, 04 Jan 2025 14:43:57 GMT
Content-Type: application/json; charset=utf-8
Content-Length: 99
Connection: keep-alive
Cache-Control: max-age=0, private, must-revalidate
etag: W/"f6c58bd13d02efd20720a6679e7772cb"
feature-policy: camera 'none'; gyroscope 'none'; microphone 'none'; usb 'none'; fullscreen 'self'
location: https://gorest.co.in/public/v2/users/7618325
referrer-policy: strict-origin-when-cross-origin
vary: Origin
x-content-type-options: nosniff
x-download-options: noopen
x-frame-options: SAMEORIGIN
x-permitted-cross-domain-policies: none
x-ratelimit-limit: 90
x-ratelimit-remaining: 89
x-ratelimit-reset: 1
x-request-id: 9e1b51ae-89cf-4449-9806-05d1b2d98f86
x-runtime: 0.081246
x-xss-protection: 0
cf-cache-status: DYNAMIC
Report-To: {"endpoints":[{"url":"https:\/\/a.nel.cloudflare.com\/report\/v4?s=CRHL%2Fm%2BT4kjSDG672lbzgaqJK2t4Oed666%2FH5TgUNXYAsB8nhoTn%2B%2BbR7A5bH4pMjvjfIIz5aLiW%2BIt7gaZl%2Fs3iMxGGsrwCLXJKVthbr9BngV0%2BollO5r%2BwzT%2Fc%2F%2F8%3D"}],"group":"cf-nel","max_age":604800}
NEL: {"success_fraction":0,"report_to":"cf-nel","max_age":604800}
Server: cloudflare
CF-RAY: 8fcc00fa6e401b9f-FRA
alt-svc: h3=":443"; ma=86400
server-timing: cfL4;desc="?proto=TCP&rtt=141409&min_rtt=140692&rtt_var=54194&sent=7&recv=6&lost=0&retrans=1&sent_bytes=3924&recv_bytes=1074&delivery_rate=2535&cwnd=99&unsent_bytes=0&cid=0dd5c1ba75b2fc46&ts=1251&x=0"

{
    "id": 7618325,
    "name": "John",
    "email": "HelanKishore99@gmail.com",
    "gender": "male",
    "status": "inactive"
}
]]></system-out>
  </testcase>
  <testcase name="sendUsers[Michel, Warner.david99@gmail.com, Male, inactive](4)" classname="api.test.DDTests" time="1.068">
    <system-out><![CDATA[https://gorest.co.in/public/v2
HTTP/1.1 201 Created
Date: Sat, 04 Jan 2025 14:43:58 GMT
Content-Type: application/json; charset=utf-8
Content-Length: 101
Connection: keep-alive
Cache-Control: max-age=0, private, must-revalidate
etag: W/"bdd1694632407451918747304f6d0ea8"
feature-policy: camera 'none'; gyroscope 'none'; microphone 'none'; usb 'none'; fullscreen 'self'
location: https://gorest.co.in/public/v2/users/7618326
referrer-policy: strict-origin-when-cross-origin
vary: Origin
x-content-type-options: nosniff
x-download-options: noopen
x-frame-options: SAMEORIGIN
x-permitted-cross-domain-policies: none
x-ratelimit-limit: 90
x-ratelimit-remaining: 89
x-ratelimit-reset: 1
x-request-id: 5be657b0-d66c-432b-95fb-1b86328341cf
x-runtime: 0.080532
x-xss-protection: 0
cf-cache-status: DYNAMIC
Report-To: {"endpoints":[{"url":"https:\/\/a.nel.cloudflare.com\/report\/v4?s=J5hSv44Q9Crhv9c%2Bz2gnKowugXTsWm6jWNJqkYg7Yr5Y%2Fqtrrp6WQNKSp8w%2B21dHDe3snk8dHTg4qQUIGdxceukbWYD5Kul6LGwMuXrk%2BwPIdpYtpBaeV0y9oWWctZY%3D"}],"group":"cf-nel","max_age":604800}
NEL: {"success_fraction":0,"report_to":"cf-nel","max_age":604800}
Server: cloudflare
CF-RAY: 8fcc0101becb4d70-FRA
alt-svc: h3=":443"; ma=86400
server-timing: cfL4;desc="?proto=TCP&rtt=166476&min_rtt=165970&rtt_var=62600&sent=4&recv=6&lost=0&retrans=0&sent_bytes=2694&recv_bytes=1076&delivery_rate=17593&cwnd=135&unsent_bytes=0&cid=b21395e85795463e&ts=725&x=0"

{
    "id": 7618326,
    "name": "Michel",
    "email": "Warner.david99@gmail.com",
    "gender": "male",
    "status": "inactive"
}
]]></system-out>
  </testcase>
  <testcase name="sendUsers[Starc, Toni.starc99@gmail.com, Male, active](5)" classname="api.test.DDTests" time="1.145">
    <system-out><![CDATA[https://gorest.co.in/public/v2
HTTP/1.1 201 Created
Date: Sat, 04 Jan 2025 14:43:59 GMT
Content-Type: application/json; charset=utf-8
Content-Length: 96
Connection: keep-alive
Cache-Control: max-age=0, private, must-revalidate
etag: W/"974f36599d78f40c84748b618d83b06d"
feature-policy: camera 'none'; gyroscope 'none'; microphone 'none'; usb 'none'; fullscreen 'self'
location: https://gorest.co.in/public/v2/users/7618327
referrer-policy: strict-origin-when-cross-origin
vary: Origin
x-content-type-options: nosniff
x-download-options: noopen
x-frame-options: SAMEORIGIN
x-permitted-cross-domain-policies: none
x-ratelimit-limit: 90
x-ratelimit-remaining: 89
x-ratelimit-reset: 1
x-request-id: 9dccab1e-153b-4517-9465-374bc05b4e96
x-runtime: 0.086516
x-xss-protection: 0
cf-cache-status: DYNAMIC
Report-To: {"endpoints":[{"url":"https:\/\/a.nel.cloudflare.com\/report\/v4?s=KU5WpkYPUI48uWyJ3yP46mKquJf5zz%2FazADGZFyccNFWN8ByQgMOQccqpirb5PAddOx0Y417Hehpu5hn0vlBKlFjAQwWsXktC%2FkHNHbJVbjvcV%2FDgypzcc4Ws8rUzuY%3D"}],"group":"cf-nel","max_age":604800}
NEL: {"success_fraction":0,"report_to":"cf-nel","max_age":604800}
Server: cloudflare
CF-RAY: 8fcc010868ca190d-FRA
alt-svc: h3=":443"; ma=86400
server-timing: cfL4;desc="?proto=TCP&rtt=149341&min_rtt=149293&rtt_var=56082&sent=4&recv=6&lost=0&retrans=0&sent_bytes=2693&recv_bytes=1071&delivery_rate=19507&cwnd=94&unsent_bytes=0&cid=5f0ef5672408f589&ts=712&x=0"

{
    "id": 7618327,
    "name": "Starc",
    "email": "Toni.starc99@gmail.com",
    "gender": "male",
    "status": "active"
}
]]></system-out>
  </testcase>
</testsuite>